#
# A fatal error has been detected by the Java Runtime Environment:
#
#  Internal Error (os_windows_x86.cpp:114), pid=4512, tid=1800
#  Error: guarantee(result == -1,"Unexpected result from topLevelExceptionFilter")
#
# JRE version: 6.0_17-b04
# Java VM: Java HotSpot(TM) 64-Bit Server VM (14.3-b01 mixed mode windows-amd64 )
# If you would like to submit a bug report, please visit:
#   http://java.sun.com/webapps/bugreport/crash.jsp
# The crash happened outside the Java Virtual Machine in native code.
# See problematic frame for where to report the bug.
#

---------------  T H R E A D  ---------------

Current thread (0x0000000004d17000):  JavaThread "main" [_thread_in_native, id=1800, stack(0x00000000000d0000,0x00000000040d0000)]

Stack: [0x00000000000d0000,0x00000000040d0000]
[error occurred during error reporting (printing stack bounds), id 0xc0000005]

Java frames: (J=compiled Java code, j=interpreted, Vv=VM code)
j  com.mathworks.jmi.NativeMatlab.ProcessPendingEvents()Z+0
j  com.mathworks.jmi.NativeMatlab.processPendingEvents()Z+8
j  com.mathworks.jmi.Matlab$ProcessPendingEvents.callBooleanMethod(Ljava/lang/Object;)Z+0
j  com.mathworks.util.FactoryUtils.processPendingEvents()Z+12
j  com.mathworks.mde.desk.MLDesktop.canClose()Z+84
j  com.mathworks.mde.desk.MLDesktop$2.call()Ljava/lang/Boolean;+4
j  com.mathworks.mde.desk.MLDesktop$2.call()Ljava/lang/Object;+1
j  com.mathworks.jmi.Matlab.isOkToExit()Z+54
v  ~StubRoutines::call_stub
j  com.mathworks.jmi.NativeMatlab.SendMatlabMessage(Ljava/lang/Object;)Ljava/lang/Object;+0
j  com.mathworks.jmi.NativeMatlab.sendMatlabMessage(Ljava/lang/Object;)Ljava/lang/Object;+22
j  com.mathworks.jmi.MatlabLooper.sendMatlabMessage(Lcom/mathworks/services/message/MWMessage;)Ljava/lang/Object;+20
j  com.mathworks.jmi.Matlab.mtFevalConsoleOutput(Ljava/lang/String;[Ljava/lang/Object;I)Ljava/lang/Object;+58
j  com.mathworks.mde.desk.MLDesktop$9.run()V+14
j  com.mathworks.jmi.NativeMatlab.dispatchMTRequests(Z)V+57
v  ~StubRoutines::call_stub

---------------  P R O C E S S  ---------------

Java Threads: ( => current thread )
  0x0000000056dc6000 JavaThread "pool-3-thread-1" [_thread_blocked, id=5028, stack(0x000000002dfc0000,0x000000002e040000)]
  0x0000000056dcc800 JavaThread "RequestQueue for GenericFileList" [_thread_blocked, id=4984, stack(0x000000002de80000,0x000000002df00000)]
  0x0000000056dcb000 JavaThread "Code Analyzer updating thread" [_thread_blocked, id=3020, stack(0x000000005ee80000,0x000000005ef00000)]
  0x0000000056dca800 JavaThread "Active Reference Queue Daemon" daemon [_thread_blocked, id=5080, stack(0x000000005d9f0000,0x000000005da70000)]
  0x0000000056dc9800 JavaThread "Timer-6" daemon [_thread_blocked, id=5528, stack(0x000000005eda0000,0x000000005ee20000)]
  0x0000000056dc7800 JavaThread "Timer-5" daemon [_thread_blocked, id=4780, stack(0x0000000059070000,0x00000000590f0000)]
  0x0000000056dc5800 JavaThread "Prefs Updater" daemon [_thread_blocked, id=5832, stack(0x0000000059120000,0x00000000591a0000)]
  0x0000000056dc4800 JavaThread "Timer-1" [_thread_blocked, id=500, stack(0x0000000058f20000,0x0000000058fa0000)]
  0x0000000056dc4000 JavaThread "FelixPackageAdmin" daemon [_thread_blocked, id=1048, stack(0x0000000058e10000,0x0000000058e90000)]
  0x0000000056ead000 JavaThread "FelixStartLevel" daemon [_thread_blocked, id=5452, stack(0x000000005b510000,0x000000005b590000)]
  0x0000000056de1000 JavaThread "FelixDispatchQueue" daemon [_thread_blocked, id=1684, stack(0x0000000058d80000,0x0000000058e00000)]
  0x0000000056d9c800 JavaThread "TimerQueue" daemon [_thread_blocked, id=3236, stack(0x000000002da70000,0x000000002daf0000)]
  0x0000000056dac800 JavaThread "AWT-EventQueue-0" [_thread_in_Java, id=5600, stack(0x0000000014f10000,0x0000000014f90000)]
  0x0000000056bc6000 JavaThread "com.google.common.base.internal.Finalizer" daemon [_thread_blocked, id=4272, stack(0x00000000193b0000,0x0000000019430000)]
  0x0000000056dae000 JavaThread "AWT-Windows" daemon [_thread_in_native, id=2588, stack(0x0000000057860000,0x00000000578e0000)]
  0x0000000056c42800 JavaThread "AWT-Shutdown" [_thread_blocked, id=2676, stack(0x000000002db40000,0x000000002dbc0000)]
  0x0000000056c42000 JavaThread "Java2D Disposer" daemon [_thread_blocked, id=2652, stack(0x000000001d840000,0x000000001d8c0000)]
  0x0000000056500000 JavaThread "Timer-0" [_thread_blocked, id=4416, stack(0x000000001d7a0000,0x000000001d820000)]
  0x0000000056531000 JavaThread "JMI Unnamed Thread" [_thread_in_native, id=4656, stack(0x0000000014fb0000,0x0000000018fb0000)]
  0x0000000055b99000 JavaThread "Low Memory Detector" daemon [_thread_blocked, id=5824, stack(0x00000000195e0000,0x0000000019660000)]
  0x0000000055b94800 JavaThread "CompilerThread1" daemon [_thread_blocked, id=3880, stack(0x0000000088260000,0x000000008c260000)]
  0x0000000055b89800 JavaThread "CompilerThread0" daemon [_thread_blocked, id=5764, stack(0x00000000840a0000,0x00000000880a0000)]
  0x0000000055b88800 JavaThread "Attach Listener" daemon [_thread_blocked, id=5596, stack(0x0000000019690000,0x0000000019710000)]
  0x0000000055b2c000 JavaThread "Finalizer" daemon [_thread_blocked, id=2232, stack(0x0000000010e60000,0x0000000010ee0000)]
  0x0000000055b25800 JavaThread "Reference Handler" daemon [_thread_blocked, id=5152, stack(0x0000000019440000,0x00000000194c0000)]
=>0x0000000004d17000 JavaThread "main" [_thread_in_native, id=1800, stack(0x00000000000d0000,0x00000000040d0000)]

Other Threads:
  0x0000000055b22000 VMThread [stack: 0x0000000080000000,0x0000000084000000] [id=4636]
  0x0000000055bab800 WatcherThread [stack: 0x000000008c2f0000,0x00000000902f0000] [id=4792]

VM state:not at safepoint (normal execution)

VM Mutex/Monitor currently owned by a thread: None

Heap
 PSYoungGen      total 38912K, used 18662K [0x0000000046860000, 0x0000000049930000, 0x0000000049960000)
  eden space 27776K, 43% used [0x0000000046860000,0x0000000047423f88,0x0000000048380000)
  from space 11136K, 59% used [0x0000000048380000,0x00000000489f5c30,0x0000000048e60000)
  to   space 11008K, 0% used [0x0000000048e70000,0x0000000048e70000,0x0000000049930000)
 PSOldGen        total 67264K, used 36259K [0x000000003d560000, 0x0000000041710000, 0x0000000046860000)
  object space 67264K, 53% used [0x000000003d560000,0x000000003f8c8fa8,0x0000000041710000)
 PSPermGen       total 101568K, used 58948K [0x0000000035560000, 0x000000003b890000, 0x000000003d560000)
  object space 101568K, 58% used [0x0000000035560000,0x0000000038ef1270,0x000000003b890000)

Dynamic libraries:
0x000000013f7e0000 - 0x000000013f809000 	\\stak\apps\Matlab2011b\bin\win64\MATLAB.exe
0x0000000076d20000 - 0x0000000076ec9000 	C:\Windows\SYSTEM32\ntdll.dll
0x0000000076640000 - 0x000000007675f000 	C:\Windows\system32\kernel32.dll
0x000007fefd2d0000 - 0x000007fefd33c000 	C:\Windows\system32\KERNELBASE.dll
0x0000000074460000 - 0x0000000074563000 	\\stak\apps\Matlab2011b\bin\win64\libut.dll
0x00000000758a0000 - 0x0000000075944000 	\\stak\apps\Matlab2011b\bin\win64\libmwi18n.dll
0x0000000180000000 - 0x000000018000b000 	\\stak\apps\Matlab2011b\bin\win64\libmwresource_core.dll
0x0000000074340000 - 0x0000000074413000 	C:\Windows\WinSxS\amd64_microsoft.vc90.crt_1fc8b3b9a1e18e3b_9.0.30729.6161_none_08e61857a83bc251\MSVCP90.dll
0x0000000074290000 - 0x0000000074333000 	C:\Windows\WinSxS\amd64_microsoft.vc90.crt_1fc8b3b9a1e18e3b_9.0.30729.6161_none_08e61857a83bc251\MSVCR90.dll
0x000000007a170000 - 0x000000007a19c000 	\\stak\apps\Matlab2011b\bin\win64\boost_filesystem-vc90-mt-1_44.dll
0x000000007a560000 - 0x000000007a569000 	\\stak\apps\Matlab2011b\bin\win64\boost_system-vc90-mt-1_44.dll
0x000007fefd830000 - 0x000007fefd90b000 	C:\Windows\system32\ADVAPI32.dll
0x000007fefd590000 - 0x000007fefd62f000 	C:\Windows\system32\msvcrt.dll
0x000007fefd980000 - 0x000007fefd99f000 	C:\Windows\SYSTEM32\sechost.dll
0x000007fefef00000 - 0x000007feff02d000 	C:\Windows\system32\RPCRT4.dll
0x000000007a010000 - 0x000000007a035000 	\\stak\apps\Matlab2011b\bin\win64\LIBEXPAT.dll
0x000000005f9c0000 - 0x000000005fbb1000 	\\stak\apps\Matlab2011b\bin\win64\icuin44.dll
0x000000005db80000 - 0x000000005dcf1000 	\\stak\apps\Matlab2011b\bin\win64\icuuc44.dll
0x0000000010000000 - 0x0000000010e41000 	\\stak\apps\Matlab2011b\bin\win64\icudt44.dll
0x0000000073f70000 - 0x00000000740b5000 	\\stak\apps\Matlab2011b\bin\win64\libmwfl.dll
0x000000007a350000 - 0x000000007a556000 	\\stak\apps\Matlab2011b\bin\win64\libmwMATLAB_res.dll
0x0000000004160000 - 0x0000000004170000 	\\stak\apps\Matlab2011b\bin\win64\boost_date_time-vc90-mt-1_44.dll
0x000000007a250000 - 0x000000007a263000 	\\stak\apps\Matlab2011b\bin\win64\boost_signals-vc90-mt-1_44.dll
0x000000007a2d0000 - 0x000000007a2e2000 	\\stak\apps\Matlab2011b\bin\win64\boost_thread-vc90-mt-1_44.dll
0x00000000042c0000 - 0x0000000004306000 	\\stak\apps\Matlab2011b\bin\win64\tbb.dll
0x000007fefd960000 - 0x000007fefd979000 	C:\Windows\system32\imagehlp.dll
0x0000000076ef0000 - 0x0000000076ef7000 	C:\Windows\system32\PSAPI.DLL
0x000000006e9e0000 - 0x000000006e9f3000 	\\stak\apps\Matlab2011b\bin\win64\icuio44.dll
0x000007fef8820000 - 0x000007fef8945000 	C:\Windows\system32\dbghelp.dll
0x0000000076ac0000 - 0x0000000076bba000 	C:\Windows\system32\USER32.dll
0x000007fefd6b0000 - 0x000007fefd717000 	C:\Windows\system32\GDI32.dll
0x000007fefd720000 - 0x000007fefd72e000 	C:\Windows\system32\LPK.dll
0x000007fefd9a0000 - 0x000007fefda69000 	C:\Windows\system32\USP10.dll
0x000000007bed0000 - 0x000000007c148000 	\\stak\apps\Matlab2011b\bin\win64\libmwservices.dll
0x0000000075a20000 - 0x0000000075ad5000 	\\stak\apps\Matlab2011b\bin\win64\libmx.dll
0x000000007a210000 - 0x000000007a228000 	\\stak\apps\Matlab2011b\bin\win64\zlib1.dll
0x0000000004340000 - 0x0000000004463000 	\\stak\apps\Matlab2011b\bin\win64\libmwmathutil.dll
0x0000000075f10000 - 0x0000000075f5d000 	\\stak\apps\Matlab2011b\bin\win64\mpath.dll
0x000000007b680000 - 0x000000007bb4d000 	\\stak\apps\Matlab2011b\bin\win64\mlutil.dll
0x0000000064fa0000 - 0x000000006501f000 	\\stak\apps\Matlab2011b\bin\win64\xmlcore.dll
0x000000007bc30000 - 0x000000007be83000 	\\stak\apps\Matlab2011b\bin\win64\xerces-c_2_7.dll
0x000007fefd910000 - 0x000007fefd95d000 	C:\Windows\system32\WS2_32.dll
0x000007fefd580000 - 0x000007fefd588000 	C:\Windows\system32\NSI.dll
0x00000000044c0000 - 0x00000000044d6000 	\\stak\apps\Matlab2011b\bin\win64\libmwsettings_res.dll
0x00000000044f0000 - 0x0000000004537000 	\\stak\apps\Matlab2011b\bin\win64\boost_serialization-vc90-mt-1_44.dll
0x000007fefdc80000 - 0x000007fefea08000 	C:\Windows\system32\SHELL32.dll
0x000007fefeab0000 - 0x000007fefeb21000 	C:\Windows\system32\SHLWAPI.dll
0x000007fefa860000 - 0x000007fefa900000 	C:\Windows\WinSxS\amd64_microsoft.windows.common-controls_6595b64144ccf1df_5.82.7601.17514_none_a4d6a923711520a9\COMCTL32.dll
0x000007fefea10000 - 0x000007fefeaa7000 	C:\Windows\system32\COMDLG32.dll
0x000007fefb270000 - 0x000007fefb286000 	C:\Windows\system32\NETAPI32.dll
0x000007fefc640000 - 0x000007fefc64c000 	C:\Windows\system32\netutils.dll
0x000007fefcb60000 - 0x000007fefcb83000 	C:\Windows\system32\srvcli.dll
0x000007fefb250000 - 0x000007fefb265000 	C:\Windows\system32\wkscli.dll
0x000007fefda70000 - 0x000007fefdc73000 	C:\Windows\system32\ole32.dll
0x000007fefee20000 - 0x000007fefeef7000 	C:\Windows\system32\OLEAUT32.dll
0x0000000074970000 - 0x0000000074a41000 	\\stak\apps\Matlab2011b\bin\win64\mcr.dll
0x0000000075000000 - 0x0000000075324000 	\\stak\apps\Matlab2011b\bin\win64\iqm.dll
0x000000005a9e0000 - 0x000000005b1b0000 	\\stak\apps\Matlab2011b\bin\win64\m_interpreter.dll
0x000000006e9c0000 - 0x000000006e9d5000 	\\stak\apps\Matlab2011b\bin\win64\libmex.dll
0x00000000647b0000 - 0x000000006485e000 	\\stak\apps\Matlab2011b\bin\win64\m_dispatcher.dll
0x0000000074880000 - 0x000000007496d000 	\\stak\apps\Matlab2011b\bin\win64\boost_regex-vc90-mt-1_44.dll
0x000000005daf0000 - 0x000000005db74000 	\\stak\apps\Matlab2011b\bin\win64\profiler.dll
0x0000000079f40000 - 0x0000000079f73000 	\\stak\apps\Matlab2011b\bin\win64\libmwmathrng.dll
0x0000000074c10000 - 0x0000000074cea000 	\\stak\apps\Matlab2011b\bin\win64\libmwmathcore.dll
0x0000000076160000 - 0x00000000761cb000 	\\stak\apps\Matlab2011b\bin\win64\libmwspmatrix.dll
0x0000000075ea0000 - 0x0000000075f02000 	\\stak\apps\Matlab2011b\bin\win64\libmwcholmod.dll
0x0000000004600000 - 0x000000000460d000 	\\stak\apps\Matlab2011b\bin\win64\libmwamd.dll
0x0000000004620000 - 0x000000000462c000 	\\stak\apps\Matlab2011b\bin\win64\libmwcolamd.dll
0x0000000068b60000 - 0x0000000068b79000 	\\stak\apps\Matlab2011b\bin\win64\libmwblas.dll
0x0000000068b40000 - 0x0000000068b52000 	\\stak\apps\Matlab2011b\bin\win64\libmwbinder.dll
0x000000006bfa0000 - 0x000000006bfab000 	\\stak\apps\Matlab2011b\bin\win64\libmwompwrapper.dll
0x000000005b7e0000 - 0x000000005b862000 	\\stak\apps\Matlab2011b\bin\win64\libmwlapack.dll
0x0000000063500000 - 0x0000000063521000 	\\stak\apps\Matlab2011b\bin\win64\m_pcodeio.dll
0x0000000079b10000 - 0x0000000079b77000 	\\stak\apps\Matlab2011b\bin\win64\m_ir.dll
0x000000005a3a0000 - 0x000000005a9e0000 	\\stak\apps\Matlab2011b\bin\win64\m_parser.dll
0x0000000063560000 - 0x000000006357a000 	\\stak\apps\Matlab2011b\bin\win64\ir_xfmr.dll
0x000000005a110000 - 0x000000005a395000 	\\stak\apps\Matlab2011b\bin\win64\mcos.dll
0x00000000634f0000 - 0x00000000634fc000 	\\stak\apps\Matlab2011b\bin\win64\mtok.dll
0x000000005f980000 - 0x000000005f9b1000 	\\stak\apps\Matlab2011b\bin\win64\m_pcodegen.dll
0x0000000079fb0000 - 0x0000000079fe5000 	\\stak\apps\Matlab2011b\bin\win64\libmwbridge.dll
0x000000005b710000 - 0x000000005b7d8000 	\\stak\apps\Matlab2011b\bin\win64\udd.dll
0x0000000059fc0000 - 0x000000005a107000 	\\stak\apps\Matlab2011b\bin\win64\libmwgui.dll
0x00000000634d0000 - 0x00000000634e7000 	\\stak\apps\Matlab2011b\bin\win64\graphics_util.dll
0x0000000059610000 - 0x0000000059fc0000 	\\stak\apps\Matlab2011b\bin\win64\hg.dll
0x0000000076100000 - 0x0000000076158000 	\\stak\apps\Matlab2011b\bin\win64\libmat.dll
0x0000000072d30000 - 0x0000000072f44000 	\\stak\apps\Matlab2011b\bin\win64\hdf5dll.dll
0x0000000075710000 - 0x000000007579d000 	\\stak\apps\Matlab2011b\bin\win64\jmi.dll
0x0000000004770000 - 0x000000000477e000 	\\stak\apps\Matlab2011b\bin\win64\nativejava_services.dll
0x000000005daa0000 - 0x000000005dae3000 	\\stak\apps\Matlab2011b\bin\win64\libmwhardcopy.dll
0x000000005b6a0000 - 0x000000005b703000 	\\stak\apps\Matlab2011b\bin\win64\libuij.dll
0x0000000059400000 - 0x0000000059607000 	\\stak\apps\Matlab2011b\bin\win64\hgdatatypes.dll
0x0000000059300000 - 0x00000000593f9000 	\\stak\apps\Matlab2011b\bin\win64\hgutils.dll
0x0000000059240000 - 0x00000000592fd000 	\\stak\apps\Matlab2011b\bin\win64\udd_mi.dll
0x00000000047e0000 - 0x0000000004aa9000 	\\stak\apps\Matlab2011b\bin\win64\uiw.dll
0x00000000634c0000 - 0x00000000634cf000 	\\stak\apps\Matlab2011b\bin\win64\uinone.dll
0x000007fef9ae0000 - 0x000007fef9af8000 	C:\Windows\system32\MPR.dll
0x0000000066950000 - 0x0000000066e34000 	C:\Windows\WinSxS\amd64_microsoft.vc90.mfc_1fc8b3b9a1e18e3b_9.0.30729.6161_none_044aad0bab1eb146\mfc90.dll
0x000007fef8170000 - 0x000007fef8177000 	C:\Windows\system32\MSIMG32.dll
0x000007fef8a90000 - 0x000007fef8b01000 	C:\Windows\system32\WINSPOOL.DRV
0x000000005da70000 - 0x000000005da91000 	\\stak\apps\Matlab2011b\bin\win64\mwoles05.DLL
0x00000000591c0000 - 0x0000000059235000 	\\stak\apps\Matlab2011b\bin\win64\comcli.dll
0x0000000065c20000 - 0x0000000065c4f000 	C:\Windows\WinSxS\amd64_microsoft.vc90.atl_1fc8b3b9a1e18e3b_9.0.30729.6161_none_0a1fd3a3a768b895\ATL90.DLL
0x0000000062d00000 - 0x0000000062d0c000 	\\stak\apps\Matlab2011b\bin\win64\mlautoregister.dll
0x0000000004b00000 - 0x0000000004b10000 	\\stak\apps\Matlab2011b\bin\win64\boost_iostreams-vc90-mt-1_44.dll
0x000007fefd550000 - 0x000007fefd57e000 	C:\Windows\system32\IMM32.DLL
0x000007fefed10000 - 0x000007fefee19000 	C:\Windows\system32\MSCTF.dll
0x000007fefbb60000 - 0x000007fefbbb6000 	C:\Windows\system32\UxTheme.dll
0x000007fefb540000 - 0x000007fefb558000 	C:\Windows\system32\dwmapi.dll
0x0000000066940000 - 0x000000006694d000 	C:\Windows\WinSxS\amd64_microsoft.vc90.mfcloc_1fc8b3b9a1e18e3b_9.0.30729.6161_none_01c9581e60cbee58\MFC90ENU.DLL
0x0000000004e90000 - 0x0000000004eb9000 	\\stak\apps\Matlab2011b\bin\win64\tbbmalloc.dll
0x000007fefd180000 - 0x000007fefd18f000 	C:\Windows\system32\profapi.dll
0x000007fefb900000 - 0x000007fefb90f000 	\\stak\apps\Matlab2011b\bin\win64\xmlxrcsc.dll
0x000007fefd070000 - 0x000007fefd07f000 	C:\Windows\system32\CRYPTBASE.dll
0x000007fefbbc0000 - 0x000007fefbdb4000 	C:\Windows\WinSxS\amd64_microsoft.windows.common-controls_6595b64144ccf1df_6.0.7601.17514_none_fa396087175ac9ac\comctl32.dll
0x000000006ea70000 - 0x000000006ea82000 	C:\Windows\system32\snacnp.dll
0x000007fefbf00000 - 0x000007fefbf0a000 	C:\Windows\System32\drprov.dll
0x000007fefd120000 - 0x000007fefd15d000 	C:\Windows\System32\WINSTA.dll
0x000007fefb000000 - 0x000007fefb022000 	C:\Windows\System32\ntlanman.dll
0x000007fefb190000 - 0x000007fefb1ac000 	C:\Windows\System32\davclnt.dll
0x000007fefa140000 - 0x000007fefa14a000 	C:\Windows\System32\DAVHLPR.dll
0x000007fef7ac0000 - 0x000007fef7acf000 	C:\Windows\system32\cscapi.dll
0x000007fefd790000 - 0x000007fefd829000 	C:\Windows\system32\CLBCatQ.DLL
0x000007fefb580000 - 0x000007fefb6ac000 	C:\Windows\system32\propsys.dll
0x0000000062c80000 - 0x0000000062c83000 	C:\Windows\system32\icmp.Dll
0x000007fefa7a0000 - 0x000007fefa7c7000 	C:\Windows\system32\iphlpapi.DLL
0x000007fefa790000 - 0x000007fefa79b000 	C:\Windows\system32\WINNSI.DLL
0x000007fefcfe0000 - 0x000007fefd005000 	C:\Windows\system32\SspiCli.dll
0x000007fefae90000 - 0x000007fefaea5000 	C:\Windows\system32\NLAapi.dll

VM Arguments:
jvm_args: -Xss512k -XX:PermSize=32m -Xms64m -XX:NewRatio=3 -XX:MaxPermSize=128m -Xmx196m -XX:MaxDirectMemorySize=2147400000 -Dsun.java2d.noddraw=true -Dsun.awt.nopixfmt=true -Xshare:off -Xrs -Dsun.awt.disableMixing=true -Djava.library.path=\\stak\apps\Matlab2011b\bin\win64 vfprintf abort 
java_command: <unknown>
Launcher Type: generic

Environment Variables:
CLASSPATH=.;C:\Lindoapi\lib\win32\lindo7_0.jar;C:\LINGO13\Lingo13.jar;C:\Program Files (x86)\Java\jre6\lib\ext\QTJava.zip
PATH=C:\Program Files (x86)\MiKTeX 2.9\miktex\bin;C:\Program Files\Microsoft HPC Pack 2008\Bin\;C:\Lindoapi\bin\win32;C:\Program Files (x86)\NVIDIA Corporation\PhysX\Common;C:\Program Files\Tecplot\Tec360 2011\Bin;C:\Program Files\MentorGraphics\9.2PADS\SDD_HOME\common\win32\bin;C:\Program Files\MentorGraphics\9.2PADS\SDD_HOME\common\win32\lib;C:\Program Files (x86)\Rockwell Software\RSCommon;C:\Windows\system32;C:\Windows;C:\Windows\System32\Wbem;C:\Windows\System32\WindowsPowerShell\v1.0\;C:\IFOR\WIN\BIN;C:\IFOR\WIN\BIN\EN_US;c:\Program Files (x86)\Microsoft SQL Server\100\Tools\Binn\;c:\Program Files\Microsoft SQL Server\100\Tools\Binn\;c:\Program Files\Microsoft SQL Server\100\DTS\Binn\;C:\Program Files (x86)\IVI Foundation\IVI\bin;C:\Program Files\IVI Foundation\IVI\bin;C:\Program Files\IVI Foundation\VISA\Win64\Bin\;C:\Program Files (x86)\IVI Foundation\VISA\WinNT\Bin\;C:\PROGRA~2\IVIFOU~1\VISA\WinNT\Bin;C:\Program Files (x86)\IVI Foundation\VISA\WinNT\Bin;C:/Program Files/MentorGraphics/9.2PADS/MGC_HOME.ixn/bin;C:/Program Files/MentorGraphics/9.2PADS/MGC_HOME.ixn/lib;C:\Program Files\MentorGraphics\9.2PADS\MGC_HOME.ixn\bin;C:\Program Files\MentorGraphics\9.2PADS\MGC_HOME.ixn\lib;C:\Cadence\SPB_16.3\tools\bin;C:\Cadence\SPB_16.3\tools\libutil\bin;C:\Cadence\SPB_16.3\tools\fet\bin;C:\Cadence\SPB_16.3\tools\pcb\bin;C:\Cadence\SPB_16.3\tools\specctra\bin;C:\Cadence\SPB_16.3\tools\PSpice;C:\Cadence\SPB_16.3\tools\PSpice\Library;C:\Cadence\SPB_16.3\tools\Capture;C:\Cadence\SPB_16.3\OpenAccess\bin\win32\opt;C:\Program Files\Intel\DMIX;C:\LINGO13\;c:\Program Files (x86)\Microsoft SQL Server\90\Tools\binn\;C:\Program Files\CD-adapco\STAR-CCM+6.04.014;C:\Program Files\CD-adapco\STAR-CCM+6.04.014\..\STAR-View+6.04.014;C:\SIMULIA\Abaqus\Commands;C:\Program Files (x86)\QuickTime\QTSystem\;C:\Program Files\CD-adapco\STAR-CCM+7.02.008;C:\Program Files\CD-adapco\STAR-View+7.02.008
USERNAME=andermic
OS=Windows_NT
PROCESSOR_IDENTIFIER=Intel64 Family 6 Model 15 Stepping 11, GenuineIntel



---------------  S Y S T E M  ---------------

OS: Windows 7 Build 7601 Service Pack 1

CPU:total 4 (4 cores per cpu, 1 threads per core) family 6 model 15 stepping 11, cmov, cx8, fxsr, mmx, sse, sse2, sse3, ssse3

Memory: 4k page, physical 4177276k(1718180k free), swap 8352700k(6017012k free)

vm_info: Java HotSpot(TM) 64-Bit Server VM (14.3-b01) for windows-amd64 JRE (1.6.0_17-b04), built on Oct 11 2009 00:46:08 by "java_re" with MS VC++ 8.0

time: Sun Apr 22 15:45:17 2012
elapsed time: 129 seconds

