This is pdfTeX, Version 3.1415926-2.3-1.40.12 (MiKTeX 2.9) (preloaded format=pdflatex 2012.4.23)  23 APR 2012 11:13
entering extended mode
**Z:/Windows.Documents/Desktop/Implement1/implement1.tex
(Z:/Windows.Documents/Desktop/Implement1/implement1.tex
LaTeX2e <2011/06/27>
Babel <v3.8m> and hyphenation patterns for english, afrikaans, ancientgreek, ar
abic, armenian, assamese, basque, bengali, bokmal, bulgarian, catalan, coptic, 
croatian, czech, danish, dutch, esperanto, estonian, farsi, finnish, french, ga
lician, german, german-x-2009-06-19, greek, gujarati, hindi, hungarian, iceland
ic, indonesian, interlingua, irish, italian, kannada, kurmanji, lao, latin, lat
vian, lithuanian, malayalam, marathi, mongolian, mongolianlmc, monogreek, ngerm
an, ngerman-x-2009-06-19, nynorsk, oriya, panjabi, pinyin, polish, portuguese, 
romanian, russian, sanskrit, serbian, slovak, slovenian, spanish, swedish, swis
sgerman, tamil, telugu, turkish, turkmen, ukenglish, ukrainian, uppersorbian, u
senglishmax, welsh, loaded.
("C:\Program Files (x86)\MiKTeX 2.9\tex\latex\base\article.cls"
Document Class: article 2007/10/19 v1.4h Standard LaTeX document class
("C:\Program Files (x86)\MiKTeX 2.9\tex\latex\base\size10.clo"
File: size10.clo 2007/10/19 v1.4h Standard LaTeX file (size option)
)
\c@part=\count79
\c@section=\count80
\c@subsection=\count81
\c@subsubsection=\count82
\c@paragraph=\count83
\c@subparagraph=\count84
\c@figure=\count85
\c@table=\count86
\abovecaptionskip=\skip41
\belowcaptionskip=\skip42
\bibindent=\dimen102
)
("C:\Program Files (x86)\MiKTeX 2.9\tex\latex\graphics\graphicx.sty"
Package: graphicx 1999/02/16 v1.0f Enhanced LaTeX Graphics (DPC,SPQR)

("C:\Program Files (x86)\MiKTeX 2.9\tex\latex\graphics\keyval.sty"
Package: keyval 1999/03/16 v1.13 key=value parser (DPC)
\KV@toks@=\toks14
)
("C:\Program Files (x86)\MiKTeX 2.9\tex\latex\graphics\graphics.sty"
Package: graphics 2009/02/05 v1.0o Standard LaTeX Graphics (DPC,SPQR)

("C:\Program Files (x86)\MiKTeX 2.9\tex\latex\graphics\trig.sty"
Package: trig 1999/03/16 v1.09 sin cos tan (DPC)
)
("C:\Program Files (x86)\MiKTeX 2.9\tex\latex\00miktex\graphics.cfg"
File: graphics.cfg 2007/01/18 v1.5 graphics configuration of teTeX/TeXLive
)
Package graphics Info: Driver file: pdftex.def on input line 91.

("C:\Program Files (x86)\MiKTeX 2.9\tex\latex\pdftex-def\pdftex.def"
File: pdftex.def 2011/05/27 v0.06d Graphics/color for pdfTeX

("C:\Program Files (x86)\MiKTeX 2.9\tex\generic\oberdiek\infwarerr.sty"
Package: infwarerr 2010/04/08 v1.3 Providing info/warning/message (HO)
)
("C:\Program Files (x86)\MiKTeX 2.9\tex\generic\oberdiek\ltxcmds.sty"
Package: ltxcmds 2011/04/18 v1.20 LaTeX kernel commands for general use (HO)
)
\Gread@gobject=\count87
))
\Gin@req@height=\dimen103
\Gin@req@width=\dimen104
)
("C:\Program Files (x86)\MiKTeX 2.9\tex\latex\ams\math\amsmath.sty"
Package: amsmath 2000/07/18 v2.13 AMS math features
\@mathmargin=\skip43

For additional information on amsmath, use the `?' option.
("C:\Program Files (x86)\MiKTeX 2.9\tex\latex\ams\math\amstext.sty"
Package: amstext 2000/06/29 v2.01

("C:\Program Files (x86)\MiKTeX 2.9\tex\latex\ams\math\amsgen.sty"
File: amsgen.sty 1999/11/30 v2.0
\@emptytoks=\toks15
\ex@=\dimen105
))
("C:\Program Files (x86)\MiKTeX 2.9\tex\latex\ams\math\amsbsy.sty"
Package: amsbsy 1999/11/29 v1.2d
\pmbraise@=\dimen106
)
("C:\Program Files (x86)\MiKTeX 2.9\tex\latex\ams\math\amsopn.sty"
Package: amsopn 1999/12/14 v2.01 operator names
)
\inf@bad=\count88
LaTeX Info: Redefining \frac on input line 211.
\uproot@=\count89
\leftroot@=\count90
LaTeX Info: Redefining \overline on input line 307.
\classnum@=\count91
\DOTSCASE@=\count92
LaTeX Info: Redefining \ldots on input line 379.
LaTeX Info: Redefining \dots on input line 382.
LaTeX Info: Redefining \cdots on input line 467.
\Mathstrutbox@=\box26
\strutbox@=\box27
\big@size=\dimen107
LaTeX Font Info:    Redeclaring font encoding OML on input line 567.
LaTeX Font Info:    Redeclaring font encoding OMS on input line 568.
\macc@depth=\count93
\c@MaxMatrixCols=\count94
\dotsspace@=\muskip10
\c@parentequation=\count95
\dspbrk@lvl=\count96
\tag@help=\toks16
\row@=\count97
\column@=\count98
\maxfields@=\count99
\andhelp@=\toks17
\eqnshift@=\dimen108
\alignsep@=\dimen109
\tagshift@=\dimen110
\tagwidth@=\dimen111
\totwidth@=\dimen112
\lineht@=\dimen113
\@envbody=\toks18
\multlinegap=\skip44
\multlinetaggap=\skip45
\mathdisplay@stack=\toks19
LaTeX Info: Redefining \[ on input line 2666.
LaTeX Info: Redefining \] on input line 2667.
)
("C:\Program Files (x86)\MiKTeX 2.9\tex\latex\tools\verbatim.sty"
Package: verbatim 2003/08/22 v1.5q LaTeX2e package for verbatim enhancements
\every@verbatim=\toks20
\verbatim@line=\toks21
\verbatim@in@stream=\read1
)
("C:\Program Files (x86)\MiKTeX 2.9\tex\latex\tools\enumerate.sty"
Package: enumerate 1999/03/05 v3.00 enumerate extensions (DPC)
\@enLab=\toks22
)
(Z:\Windows.Documents\Desktop\Implement1\implement1.aux)
LaTeX Font Info:    Checking defaults for OML/cmm/m/it on input line 8.
LaTeX Font Info:    ... okay on input line 8.
LaTeX Font Info:    Checking defaults for T1/cmr/m/n on input line 8.
LaTeX Font Info:    ... okay on input line 8.
LaTeX Font Info:    Checking defaults for OT1/cmr/m/n on input line 8.
LaTeX Font Info:    ... okay on input line 8.
LaTeX Font Info:    Checking defaults for OMS/cmsy/m/n on input line 8.
LaTeX Font Info:    ... okay on input line 8.
LaTeX Font Info:    Checking defaults for OMX/cmex/m/n on input line 8.
LaTeX Font Info:    ... okay on input line 8.
LaTeX Font Info:    Checking defaults for U/cmr/m/n on input line 8.
LaTeX Font Info:    ... okay on input line 8.

("C:\Program Files (x86)\MiKTeX 2.9\tex\context\base\supp-pdf.mkii"
[Loading MPS to PDF converter (version 2006.09.02).]
\scratchcounter=\count100
\scratchdimen=\dimen114
\scratchbox=\box28
\nofMPsegments=\count101
\nofMParguments=\count102
\everyMPshowfont=\toks23
\MPscratchCnt=\count103
\MPscratchDim=\dimen115
\MPnumerator=\count104
\makeMPintoPDFobject=\count105
\everyMPtoPDFconversion=\toks24
) [1

{C:/ProgramData/MiKTeX/2.9/pdftex/config/pdftex.map}]
<regression_0.png, id=8, 421.575pt x 316.18124pt>
File: regression_0.png Graphic file (type png)
 <use regression_0.png>
Package pdftex.def Info: regression_0.png used on input line 27.
(pdftex.def)             Requested size: 316.18047pt x 237.13535pt.

<regression_1.png, id=9, 421.575pt x 316.18124pt>
File: regression_1.png Graphic file (type png)
 <use regression_1.png>
Package pdftex.def Info: regression_1.png used on input line 28.
(pdftex.def)             Requested size: 316.18047pt x 237.13535pt.

<regression_5.png, id=10, 421.575pt x 316.18124pt>
File: regression_5.png Graphic file (type png)
 <use regression_5.png>
Package pdftex.def Info: regression_5.png used on input line 29.
(pdftex.def)             Requested size: 316.18047pt x 237.13535pt.

<regression_10.png, id=11, 421.575pt x 316.18124pt>
File: regression_10.png Graphic file (type png)
 <use regression_10.png>
Package pdftex.def Info: regression_10.png used on input line 30.
(pdftex.def)             Requested size: 316.18047pt x 237.13535pt.

<regression_50.png, id=12, 421.575pt x 316.18124pt>
File: regression_50.png Graphic file (type png)
 <use regression_50.png>
Package pdftex.def Info: regression_50.png used on input line 31.
(pdftex.def)             Requested size: 316.18047pt x 237.13535pt.

[2] [3 <Z:/Windows.Documents/Desktop/Implement1/regression_0.png (PNG copy)> <Z
:/Windows.Documents/Desktop/Implement1/regression_1.png (PNG copy)>] [4 <Z:/Win
dows.Documents/Desktop/Implement1/regression_5.png (PNG copy)> <Z:/Windows.Docu
ments/Desktop/Implement1/regression_10.png (PNG copy)>] [5 <Z:/Windows.Document
s/Desktop/Implement1/regression_50.png (PNG copy)>]
<perceptron_progress.png, id=30, 421.575pt x 316.18124pt>
File: perceptron_progress.png Graphic file (type png)

<use perceptron_progress.png>
Package pdftex.def Info: perceptron_progress.png used on input line 49.
(pdftex.def)             Requested size: 316.18047pt x 237.13535pt.
 <perceptron.png, id=31, 421.575pt x 316.18124pt>
File: perceptron.png Graphic file (type png)

<use perceptron.png>
Package pdftex.def Info: perceptron.png used on input line 55.
(pdftex.def)             Requested size: 316.18047pt x 237.13535pt.
 [6 <Z:/Windows.Documents/Desktop/Implement1/perceptron_progress.png (PNG copy)
>] <perceptron_zoom.png, id=35, 421.575pt x 316.18124pt>
File: perceptron_zoom.png Graphic file (type png)

<use perceptron_zoom.png>
Package pdftex.def Info: perceptron_zoom.png used on input line 59.
(pdftex.def)             Requested size: 316.18047pt x 237.13535pt.
 [7 <Z:/Windows.Documents/Desktop/Implement1/perceptron.png (PNG copy)> <Z:/Win
dows.Documents/Desktop/Implement1/perceptron_zoom.png (PNG copy)>] <voted_perce
ptron.png, id=40, 421.575pt x 316.18124pt>
File: voted_perceptron.png Graphic file (type png)

<use voted_perceptron.png>
Package pdftex.def Info: voted_perceptron.png used on input line 64.
(pdftex.def)             Requested size: 316.18047pt x 237.13535pt.
 [8 <Z:/Windows.Documents/Desktop/Implement1/voted_perceptron.png (PNG copy)>] 
[9]
Overfull \hbox (111.74602pt too wide) in paragraph at lines 150--150
[]\OT1/cmtt/m/n/10 semilogy(1:size(loss_batch,2), loss_batch, 1:size(loss_stoch
astic,2), loss_stochastic);[] 
 []


Overfull \hbox (101.24611pt too wide) in paragraph at lines 153--153
[]\OT1/cmtt/m/n/10 title(sprintf('Batch vs. Stochastic Loss: initial w = [%d %d
 %d %d]', w_init, w_init,[] 
 []

[10]
Overfull \hbox (17.24684pt too wide) in paragraph at lines 193--193
[]\OT1/cmtt/m/n/10 % Plot number of misclassifications as a function of number 
of epochs[] 
 []


Overfull \hbox (38.24666pt too wide) in paragraph at lines 199--199
[]\OT1/cmtt/m/n/10 % Plot data and learned decision boundary. Comment out this 
block to plot[] 
 []


Overfull \hbox (32.9967pt too wide) in paragraph at lines 203--203
[]\OT1/cmtt/m/n/10 plot(x(1:98,2), x(1:98,3), 'x', x(99:n,2), x(99:n,3), 'o', d
ec_x,dec_y);[] 
 []

[11] [12]
Overfull \hbox (74.99634pt too wide) in paragraph at lines 246--246
[]\OT1/cmtt/m/n/10 % Classify some feature values in a fine grid to determine t
he decision boundary[] 
 []

[13]
Overfull \hbox (85.49625pt too wide) in paragraph at lines 257--257
[]\OT1/cmtt/m/n/10 plot(x_orig(1:100,2), x_orig(1:100,3), 'x', x_orig(101:N,2),
 x_orig(101:N,3), 'o',[] 
 []


Overfull \hbox (59.24648pt too wide) in paragraph at lines 262--262
[]\OT1/cmtt/m/n/10 legend('Positive', 'Negative', 'Decision Boundary', 'Locatio
n', 'SouthEast');[] 
 []

[14] (Z:\Windows.Documents\Desktop\Implement1\implement1.aux) ) 
Here is how much of TeX's memory you used:
 1814 strings out of 494045
 23447 string characters out of 3145960
 79081 words of memory out of 3000000
 5115 multiletter control sequences out of 15000+200000
 9229 words of font info for 34 fonts, out of 3000000 for 9000
 715 hyphenation exceptions out of 8191
 27i,6n,21p,601b,245s stack positions out of 5000i,500n,10000p,200000b,50000s
<C:/Program File
s (x86)/MiKTeX 2.9/fonts/type1/public/amsfonts/cm/cmbx12.pfb><C:/Program Files 
(x86)/MiKTeX 2.9/fonts/type1/public/amsfonts/cm/cmmi10.pfb><C:/Program Files (x
86)/MiKTeX 2.9/fonts/type1/public/amsfonts/cm/cmmi7.pfb><C:/Program Files (x86)
/MiKTeX 2.9/fonts/type1/public/amsfonts/cm/cmr10.pfb><C:/Program Files (x86)/Mi
KTeX 2.9/fonts/type1/public/amsfonts/cm/cmr12.pfb><C:/Program Files (x86)/MiKTe
X 2.9/fonts/type1/public/amsfonts/cm/cmr17.pfb><C:/Program Files (x86)/MiKTeX 2
.9/fonts/type1/public/amsfonts/cm/cmr7.pfb><C:/Program Files (x86)/MiKTeX 2.9/f
onts/type1/public/amsfonts/cm/cmsy7.pfb><C:/Program Files (x86)/MiKTeX 2.9/font
s/type1/public/amsfonts/cm/cmti10.pfb><C:/Program Files (x86)/MiKTeX 2.9/fonts/
type1/public/amsfonts/cm/cmtt10.pfb>
Output written on implement1.pdf (14 pages, 182241 bytes).
PDF statistics:
 97 PDF objects out of 1000 (max. 8388607)
 0 named destinations out of 1000 (max. 500000)
 46 words of extra memory for PDF output out of 10000 (max. 10000000)

